D:\GITREPS\ARCH\OPENMP_MATRIX\OPENMP_MATRIX\X64\DEBUG\OPENMP_MATRIX.PCH
D:\GITREPS\ARCH\OPENMP_MATRIX\OPENMP_MATRIX\X64\DEBUG\STDAFX.OBJ
D:\GITREPS\ARCH\OPENMP_MATRIX\OPENMP_MATRIX\X64\DEBUG\VC110.PDB
D:\GITREPS\ARCH\OPENMP_MATRIX\OPENMP_MATRIX\X64\DEBUG\OPENMP_MATRIX.OBJ
D:\GITREPS\ARCH\OPENMP_MATRIX\X64\DEBUG\OPENMP_MATRIX.ILK
D:\GITREPS\ARCH\OPENMP_MATRIX\X64\DEBUG\OPENMP_MATRIX.EXE
D:\GITREPS\ARCH\OPENMP_MATRIX\X64\DEBUG\OPENMP_MATRIX.PDB
d:\GITREPS\ARCH\OpenMP_matrix\OpenMP_matrix\x64\Debug\OpenMP_matrix.obj
d:\GITREPS\ARCH\OpenMP_matrix\OpenMP_matrix\x64\Debug\stdafx.obj
d:\GITREPS\ARCH\OpenMP_matrix\OpenMP_matrix\x64\Debug\cl.command.1.tlog
d:\GITREPS\ARCH\OpenMP_matrix\OpenMP_matrix\x64\Debug\CL.read.1.tlog
d:\GITREPS\ARCH\OpenMP_matrix\OpenMP_matrix\x64\Debug\CL.write.1.tlog
d:\GITREPS\ARCH\OpenMP_matrix\OpenMP_matrix\x64\Debug\link-cvtres.read.1.tlog
d:\GITREPS\ARCH\OpenMP_matrix\OpenMP_matrix\x64\Debug\link-cvtres.write.1.tlog
d:\GITREPS\ARCH\OpenMP_matrix\OpenMP_matrix\x64\Debug\link-rc.read.1.tlog
d:\GITREPS\ARCH\OpenMP_matrix\OpenMP_matrix\x64\Debug\link-rc.write.1.tlog
d:\GITREPS\ARCH\OpenMP_matrix\OpenMP_matrix\x64\Debug\link.command.1.tlog
d:\GITREPS\ARCH\OpenMP_matrix\OpenMP_matrix\x64\Debug\link.read.1.tlog
d:\GITREPS\ARCH\OpenMP_matrix\OpenMP_matrix\x64\Debug\link.write.1.tlog
d:\GITREPS\ARCH\OpenMP_matrix\OpenMP_matrix\x64\Debug\OpenMP_matrix.pch
d:\GITREPS\ARCH\OpenMP_matrix\OpenMP_matrix\x64\Debug\vc110.idb
d:\GITREPS\ARCH\OpenMP_matrix\OpenMP_matrix\x64\Debug\vc110.pdb
D:\GITREPS\ARCH\OpenMP_matrix\x64\Debug\OpenMP_matrix.pdb
D:\GITREPS\ARCH\OpenMP_matrix\x64\Debug\OpenMP_matrix.exe
D:\GITREPS\ARCH\OpenMP_matrix\x64\Debug\OpenMP_matrix.ilk
