D:\GITREPS\ARCH\OPENMP_MATRIX\AMP\DEBUG\AMP.PCH
D:\GITREPS\ARCH\OPENMP_MATRIX\AMP\DEBUG\STDAFX.OBJ
D:\GITREPS\ARCH\OPENMP_MATRIX\AMP\DEBUG\VC110.PDB
D:\GITREPS\ARCH\OPENMP_MATRIX\AMP\DEBUG\AMP.OBJ
D:\GITREPS\ARCH\OPENMP_MATRIX\DEBUG\AMP.ILK
D:\GITREPS\ARCH\OPENMP_MATRIX\DEBUG\AMP.EXE
D:\GITREPS\ARCH\OPENMP_MATRIX\DEBUG\AMP.PDB
D:\GITREPS\ARCH\OPENMP_MATRIX\AMP\DEBUG\AMP.RES
d:\GITREPS\ARCH\OpenMP_matrix\AMP\Debug\AMP.obj
d:\GITREPS\ARCH\OpenMP_matrix\AMP\Debug\stdafx.obj
d:\GITREPS\ARCH\OpenMP_matrix\AMP\Debug\cl.command.1.tlog
d:\GITREPS\ARCH\OpenMP_matrix\AMP\Debug\CL.read.1.tlog
d:\GITREPS\ARCH\OpenMP_matrix\AMP\Debug\CL.read.2.tlog
d:\GITREPS\ARCH\OpenMP_matrix\AMP\Debug\CL.read.3.tlog
d:\GITREPS\ARCH\OpenMP_matrix\AMP\Debug\CL.read.4.tlog
d:\GITREPS\ARCH\OpenMP_matrix\AMP\Debug\CL.read.5.tlog
d:\GITREPS\ARCH\OpenMP_matrix\AMP\Debug\CL.write.1.tlog
d:\GITREPS\ARCH\OpenMP_matrix\AMP\Debug\CL.write.2.tlog
d:\GITREPS\ARCH\OpenMP_matrix\AMP\Debug\CL.write.3.tlog
d:\GITREPS\ARCH\OpenMP_matrix\AMP\Debug\CL.write.4.tlog
d:\GITREPS\ARCH\OpenMP_matrix\AMP\Debug\CL.write.5.tlog
d:\GITREPS\ARCH\OpenMP_matrix\AMP\Debug\link-cvtres.read.1.tlog
d:\GITREPS\ARCH\OpenMP_matrix\AMP\Debug\link-cvtres.write.1.tlog
d:\GITREPS\ARCH\OpenMP_matrix\AMP\Debug\link-rc.read.1.tlog
d:\GITREPS\ARCH\OpenMP_matrix\AMP\Debug\link-rc.write.1.tlog
d:\GITREPS\ARCH\OpenMP_matrix\AMP\Debug\link.command.1.tlog
d:\GITREPS\ARCH\OpenMP_matrix\AMP\Debug\link.read.1.tlog
d:\GITREPS\ARCH\OpenMP_matrix\AMP\Debug\link.write.1.tlog
d:\GITREPS\ARCH\OpenMP_matrix\AMP\Debug\rc.command.1.tlog
d:\GITREPS\ARCH\OpenMP_matrix\AMP\Debug\rc.read.1.tlog
d:\GITREPS\ARCH\OpenMP_matrix\AMP\Debug\rc.write.1.tlog
d:\GITREPS\ARCH\OpenMP_matrix\AMP\Debug\AMP.res
d:\GITREPS\ARCH\OpenMP_matrix\AMP\Debug\AMP.pch
d:\GITREPS\ARCH\OpenMP_matrix\AMP\Debug\vc110.idb
d:\GITREPS\ARCH\OpenMP_matrix\AMP\Debug\vc110.pdb
D:\GITREPS\ARCH\OpenMP_matrix\Debug\AMP.pdb
D:\GITREPS\ARCH\OpenMP_matrix\Debug\AMP.exe
D:\GITREPS\ARCH\OpenMP_matrix\Debug\AMP.ilk
