<<<<<<< HEAD
﻿Сборка начата 28.02.2015 4:22:01.
     1>Проект "D:\REPS\ARCH\OpenMP_matrix\MPI\MPI.vcxproj" в узле 2 (целевые объекты Build).
=======
﻿Построение начато 27.02.2015 16:04:28.
     1>Проект "D:\GITREPS\ARCH\OpenMP_matrix\MPI\MPI.vcxproj" в узле 2 (целевые объекты Build).
>>>>>>> origin/master
     1>ClCompile:
         C:\Program Files (x86)\Microsoft Visual Studio 11.0\VC\bin\x86_amd64\CL.exe /c /Zi /nologo /W3 /WX- /sdl /O2 /Oi /GL /D WIN32 /D NDEBUG /D _CONSOLE /D _UNICODE /D UNICODE /Gm- /EHsc /MD /GS /Gy /fp:precise /Zc:wchar_t /Zc:forScope /Yu"stdafx.h" /Fp"x64\Release\MPI.pch" /Fo"x64\Release\\" /Fd"x64\Release\vc110.pdb" /Gd /TP /errorReport:prompt MPI.cpp
         MPI.cpp
     1>MPI.cpp(122): warning C4101: serial: неиспользованная локальная переменная
       Link:
         C:\Program Files (x86)\Microsoft Visual Studio 11.0\VC\bin\x86_amd64\link.exe /ERRORREPORT:PROMPT /OUT:"D:\GITREPS\ARCH\OpenMP_matrix\x64\Release\MPI.exe" /INCREMENTAL:NO /NOLOGO msmpi.lib kernel32.lib user32.lib gdi32.lib winspool.lib comdlg32.lib advapi32.lib shell32.lib ole32.lib oleaut32.lib uuid.lib odbc32.lib odbccp32.lib /MANIFEST /MANIFESTUAC:"level='asInvoker' uiAccess='false'" /manifest:embed /DEBUG /PDB:"D:\GITREPS\ARCH\OpenMP_matrix\x64\Release\MPI.pdb" /SUBSYSTEM:CONSOLE /OPT:REF /OPT:ICF /LTCG /TLBID:1 /DYNAMICBASE /NXCOMPAT /IMPLIB:"D:\GITREPS\ARCH\OpenMP_matrix\x64\Release\MPI.lib" /MACHINE:X64 x64\Release\MPI.obj
         x64\Release\stdafx.obj
         Создание кода
         Создание кода завершено
         MPI.vcxproj -> D:\GITREPS\ARCH\OpenMP_matrix\x64\Release\MPI.exe
     1>Построение проекта "D:\GITREPS\ARCH\OpenMP_matrix\MPI\MPI.vcxproj" завершено (целевые объекты Build).

Построение успешно завершено.

<<<<<<< HEAD
Затраченное время: 00:00:01.05
=======
Затраченное время: 00:00:00.84
>>>>>>> origin/master
