D:\GITREPS\ARCH\OPENMP_MATRIX\MPI\X64\RELEASE\MPI.PCH
D:\GITREPS\ARCH\OPENMP_MATRIX\MPI\X64\RELEASE\STDAFX.OBJ
D:\GITREPS\ARCH\OPENMP_MATRIX\MPI\X64\RELEASE\VC110.PDB
D:\GITREPS\ARCH\OPENMP_MATRIX\X64\RELEASE\MPI.EXE
D:\GITREPS\ARCH\OPENMP_MATRIX\X64\RELEASE\MPI.PDB
D:\GITREPS\ARCH\OpenMP_matrix\MPI\x64\Release\MPI.obj
D:\GITREPS\ARCH\OpenMP_matrix\MPI\x64\Release\stdafx.obj
D:\GITREPS\ARCH\OpenMP_matrix\MPI\x64\Release\cl.command.1.tlog
D:\GITREPS\ARCH\OpenMP_matrix\MPI\x64\Release\CL.read.1.tlog
D:\GITREPS\ARCH\OpenMP_matrix\MPI\x64\Release\CL.write.1.tlog
D:\GITREPS\ARCH\OpenMP_matrix\MPI\x64\Release\link-cvtres.read.1.tlog
D:\GITREPS\ARCH\OpenMP_matrix\MPI\x64\Release\link-cvtres.write.1.tlog
D:\GITREPS\ARCH\OpenMP_matrix\MPI\x64\Release\link-rc.read.1.tlog
D:\GITREPS\ARCH\OpenMP_matrix\MPI\x64\Release\link-rc.write.1.tlog
D:\GITREPS\ARCH\OpenMP_matrix\MPI\x64\Release\link.command.1.tlog
D:\GITREPS\ARCH\OpenMP_matrix\MPI\x64\Release\link.read.1.tlog
D:\GITREPS\ARCH\OpenMP_matrix\MPI\x64\Release\link.write.1.tlog
D:\GITREPS\ARCH\OpenMP_matrix\MPI\x64\Release\MPI.pch
D:\GITREPS\ARCH\OpenMP_matrix\MPI\x64\Release\vc110.pdb
D:\GITREPS\ARCH\OpenMP_matrix\x64\Release\MPI.pdb
D:\GITREPS\ARCH\OpenMP_matrix\x64\Release\MPI.exe
